app/build/intermediates/manifest_merge_blame_file/debug/manifest-merger-blame-debug-report.txt
1<?xml version="1.0" encoding="utf-8"?>
2<manifest xmlns:android="http://schemas.android.com/apk/res/android"
3    package="com.example.provalogin"
4    android:versionCode="1"
5    android:versionName="1.0" >
6
7    <uses-sdk
8        android:minSdkVersion="23"
8-->src\main\AndroidManifest.xml
9        android:targetSdkVersion="33" />
9-->src\main\AndroidManifest.xml
10
11    <uses-permission android:name="android.permission.INTERNET" />
11-->src\main\AndroidManifest.xml:5:5-67
11-->src\main\AndroidManifest.xml:5:22-64
12    <uses-permission android:name="android.permission.WRITE_EXTERNAL_STORAGE" />
12-->src\main\AndroidManifest.xml:6:5-81
12-->src\main\AndroidManifest.xml:6:22-78
13    <uses-permission android:name="android.permission.READ_EXTERNAL_STORAGE" />
13-->src\main\AndroidManifest.xml:7:5-80
13-->src\main\AndroidManifest.xml:7:22-77
14    <uses-permission android:name="android.permission.ACCESS_NETWORK_STATE" />
14-->[com.google.firebase:firebase-auth:22.0.0] AndroidManifest.xml:26:5-79
14-->[com.google.firebase:firebase-auth:22.0.0] AndroidManifest.xml:26:22-76
15    <uses-permission android:name="android.permission.CAMERA" /> <!-- Don't require camera, as this requires a rear camera. This allows it to work on the Nexus 7 -->
15-->[com.journeyapps:zxing-android-embedded:4.3.0] AndroidManifest.xml:22:5-65
15-->[com.journeyapps:zxing-android-embedded:4.3.0] AndroidManifest.xml:22:22-62
16    <uses-feature
16-->[com.journeyapps:zxing-android-embedded:4.3.0] AndroidManifest.xml:25:5-27:36
17        android:name="android.hardware.camera"
17-->[com.journeyapps:zxing-android-embedded:4.3.0] AndroidManifest.xml:26:9-47
18        android:required="false" />
18-->[com.journeyapps:zxing-android-embedded:4.3.0] AndroidManifest.xml:27:9-33
19    <uses-feature
19-->[com.journeyapps:zxing-android-embedded:4.3.0] AndroidManifest.xml:28:5-30:36
20        android:name="android.hardware.camera.front"
20-->[com.journeyapps:zxing-android-embedded:4.3.0] AndroidManifest.xml:29:9-53
21        android:required="false" /> <!-- TODO replace above two with next line after Android 4.2 -->
21-->[com.journeyapps:zxing-android-embedded:4.3.0] AndroidManifest.xml:30:9-33
22    <!-- <uses-feature android:name="android.hardware.camera.any"/> -->
23    <uses-feature
23-->[com.journeyapps:zxing-android-embedded:4.3.0] AndroidManifest.xml:33:5-35:36
24        android:name="android.hardware.camera.autofocus"
24-->[com.journeyapps:zxing-android-embedded:4.3.0] AndroidManifest.xml:34:9-57
25        android:required="false" />
25-->[com.journeyapps:zxing-android-embedded:4.3.0] AndroidManifest.xml:35:9-33
26    <uses-feature
26-->[com.journeyapps:zxing-android-embedded:4.3.0] AndroidManifest.xml:36:5-38:36
27        android:name="android.hardware.camera.flash"
27-->[com.journeyapps:zxing-android-embedded:4.3.0] AndroidManifest.xml:37:9-53
28        android:required="false" />
28-->[com.journeyapps:zxing-android-embedded:4.3.0] AndroidManifest.xml:38:9-33
29    <uses-feature
29-->[com.journeyapps:zxing-android-embedded:4.3.0] AndroidManifest.xml:39:5-41:36
30        android:name="android.hardware.screen.landscape"
30-->[com.journeyapps:zxing-android-embedded:4.3.0] AndroidManifest.xml:40:9-57
31        android:required="false" />
31-->[com.journeyapps:zxing-android-embedded:4.3.0] AndroidManifest.xml:41:9-33
32    <uses-feature
32-->[com.journeyapps:zxing-android-embedded:4.3.0] AndroidManifest.xml:42:5-44:36
33        android:name="android.hardware.wifi"
33-->[com.journeyapps:zxing-android-embedded:4.3.0] AndroidManifest.xml:43:9-45
34        android:required="false" />
34-->[com.journeyapps:zxing-android-embedded:4.3.0] AndroidManifest.xml:44:9-33
35
36    <permission
36-->[androidx.core:core:1.9.0] AndroidManifest.xml:22:5-24:47
37        android:name="com.example.provalogin.DYNAMIC_RECEIVER_NOT_EXPORTED_PERMISSION"
37-->[androidx.core:core:1.9.0] AndroidManifest.xml:23:9-81
38        android:protectionLevel="signature" />
38-->[androidx.core:core:1.9.0] AndroidManifest.xml:24:9-44
39
40    <uses-permission android:name="com.example.provalogin.DYNAMIC_RECEIVER_NOT_EXPORTED_PERMISSION" />
40-->[androidx.core:core:1.9.0] AndroidManifest.xml:26:5-97
40-->[androidx.core:core:1.9.0] AndroidManifest.xml:26:22-94
41
42    <application
42-->src\main\AndroidManifest.xml:9:5-102:19
43        android:allowBackup="true"
43-->src\main\AndroidManifest.xml:10:9-35
44        android:appComponentFactory="androidx.core.app.CoreComponentFactory"
44-->[androidx.core:core:1.9.0] AndroidManifest.xml:28:18-86
45        android:dataExtractionRules="@xml/data_extraction_rules"
45-->src\main\AndroidManifest.xml:11:9-65
46        android:debuggable="true"
47        android:extractNativeLibs="false"
48        android:fullBackupContent="@xml/backup_rules"
48-->src\main\AndroidManifest.xml:12:9-54
49        android:icon="@mipmap/ic_launcher"
49-->src\main\AndroidManifest.xml:13:9-43
50        android:label="@string/app_name"
50-->src\main\AndroidManifest.xml:14:9-41
51        android:roundIcon="@mipmap/ic_launcher_round"
51-->src\main\AndroidManifest.xml:15:9-54
52        android:supportsRtl="true"
52-->src\main\AndroidManifest.xml:16:9-35
53        android:testOnly="true"
54        android:theme="@style/Theme.ProvaLogin" >
54-->src\main\AndroidManifest.xml:17:9-48
55        <activity
55-->src\main\AndroidManifest.xml:20:9-26:20
56            android:name="com.example.provalogin.HomeVeterinarioActivity"
56-->src\main\AndroidManifest.xml:21:13-52
57            android:exported="false" >
57-->src\main\AndroidManifest.xml:22:13-37
58            <meta-data
58-->src\main\AndroidManifest.xml:23:13-25:36
59                android:name="android.app.lib_name"
59-->src\main\AndroidManifest.xml:24:17-52
60                android:value="" />
60-->src\main\AndroidManifest.xml:25:17-33
61        </activity>
62        <activity
62-->src\main\AndroidManifest.xml:27:9-33:20
63            android:name="com.example.provalogin.HomeEnteActivity"
63-->src\main\AndroidManifest.xml:28:13-45
64            android:exported="false" >
64-->src\main\AndroidManifest.xml:29:13-37
65            <meta-data
65-->src\main\AndroidManifest.xml:23:13-25:36
66                android:name="android.app.lib_name"
66-->src\main\AndroidManifest.xml:24:17-52
67                android:value="" />
67-->src\main\AndroidManifest.xml:25:17-33
68        </activity>
69        <activity
69-->src\main\AndroidManifest.xml:34:9-46:20
70            android:name="com.example.provalogin.first"
70-->src\main\AndroidManifest.xml:35:13-34
71            android:exported="true" >
71-->src\main\AndroidManifest.xml:36:13-36
72            <intent-filter>
72-->src\main\AndroidManifest.xml:37:13-41:29
73                <action android:name="android.intent.action.MAIN" />
73-->src\main\AndroidManifest.xml:38:17-69
73-->src\main\AndroidManifest.xml:38:25-66
74
75                <category android:name="android.intent.category.LAUNCHER" />
75-->src\main\AndroidManifest.xml:40:17-77
75-->src\main\AndroidManifest.xml:40:27-74
76            </intent-filter>
77
78            <meta-data
78-->src\main\AndroidManifest.xml:23:13-25:36
79                android:name="android.app.lib_name"
79-->src\main\AndroidManifest.xml:24:17-52
80                android:value="" />
80-->src\main\AndroidManifest.xml:25:17-33
81        </activity>
82        <activity
82-->src\main\AndroidManifest.xml:47:9-53:20
83            android:name="com.example.provalogin.PostActivity"
83-->src\main\AndroidManifest.xml:48:13-41
84            android:exported="false" >
84-->src\main\AndroidManifest.xml:49:13-37
85            <meta-data
85-->src\main\AndroidManifest.xml:23:13-25:36
86                android:name="android.app.lib_name"
86-->src\main\AndroidManifest.xml:24:17-52
87                android:value="" />
87-->src\main\AndroidManifest.xml:25:17-33
88        </activity>
89        <activity
89-->src\main\AndroidManifest.xml:54:9-60:20
90            android:name="com.example.provalogin.HomeActivity"
90-->src\main\AndroidManifest.xml:55:13-41
91            android:exported="false" >
91-->src\main\AndroidManifest.xml:56:13-37
92            <meta-data
92-->src\main\AndroidManifest.xml:23:13-25:36
93                android:name="android.app.lib_name"
93-->src\main\AndroidManifest.xml:24:17-52
94                android:value="" />
94-->src\main\AndroidManifest.xml:25:17-33
95        </activity>
96        <activity
96-->src\main\AndroidManifest.xml:61:9-67:20
97            android:name="com.example.provalogin.RegisterActivity"
97-->src\main\AndroidManifest.xml:62:13-45
98            android:exported="false" >
98-->src\main\AndroidManifest.xml:63:13-37
99            <meta-data
99-->src\main\AndroidManifest.xml:23:13-25:36
100                android:name="android.app.lib_name"
100-->src\main\AndroidManifest.xml:24:17-52
101                android:value="" />
101-->src\main\AndroidManifest.xml:25:17-33
102        </activity>
103        <activity
103-->src\main\AndroidManifest.xml:68:9-74:20
104            android:name="com.example.provalogin.LoginActivity"
104-->src\main\AndroidManifest.xml:69:13-42
105            android:exported="false" >
105-->src\main\AndroidManifest.xml:70:13-37
106            <meta-data
106-->src\main\AndroidManifest.xml:23:13-25:36
107                android:name="android.app.lib_name"
107-->src\main\AndroidManifest.xml:24:17-52
108                android:value="" />
108-->src\main\AndroidManifest.xml:25:17-33
109        </activity>
110        <activity
110-->src\main\AndroidManifest.xml:75:9-81:20
111            android:name="com.example.provalogin.StartActivity"
111-->src\main\AndroidManifest.xml:76:13-42
112            android:exported="false" >
112-->src\main\AndroidManifest.xml:77:13-37
113            <meta-data
113-->src\main\AndroidManifest.xml:23:13-25:36
114                android:name="android.app.lib_name"
114-->src\main\AndroidManifest.xml:24:17-52
115                android:value="" />
115-->src\main\AndroidManifest.xml:25:17-33
116        </activity>
117        <activity
117-->src\main\AndroidManifest.xml:82:9-89:20
118            android:name="com.example.provalogin.UpdateActivity"
118-->src\main\AndroidManifest.xml:83:13-43
119            android:exported="false"
119-->src\main\AndroidManifest.xml:84:13-37
120            android:label="Update" >
120-->src\main\AndroidManifest.xml:85:13-35
121            <meta-data
121-->src\main\AndroidManifest.xml:23:13-25:36
122                android:name="android.app.lib_name"
122-->src\main\AndroidManifest.xml:24:17-52
123                android:value="" />
123-->src\main\AndroidManifest.xml:25:17-33
124        </activity>
125        <activity
125-->src\main\AndroidManifest.xml:90:9-97:20
126            android:name="com.example.provalogin.IndexActivity"
126-->src\main\AndroidManifest.xml:91:13-42
127            android:exported="false"
127-->src\main\AndroidManifest.xml:92:13-37
128            android:label="Index" >
128-->src\main\AndroidManifest.xml:93:13-34
129            <meta-data
129-->src\main\AndroidManifest.xml:23:13-25:36
130                android:name="android.app.lib_name"
130-->src\main\AndroidManifest.xml:24:17-52
131                android:value="" />
131-->src\main\AndroidManifest.xml:25:17-33
132        </activity>
133
134        <meta-data
134-->src\main\AndroidManifest.xml:99:9-101:57
135            android:name="preloaded_fonts"
135-->src\main\AndroidManifest.xml:100:13-43
136            android:resource="@array/preloaded_fonts" />
136-->src\main\AndroidManifest.xml:101:13-54
137
138        <activity
138-->[com.google.firebase:firebase-auth:22.0.0] AndroidManifest.xml:29:9-46:20
139            android:name="com.google.firebase.auth.internal.GenericIdpActivity"
139-->[com.google.firebase:firebase-auth:22.0.0] AndroidManifest.xml:30:13-80
140            android:excludeFromRecents="true"
140-->[com.google.firebase:firebase-auth:22.0.0] AndroidManifest.xml:31:13-46
141            android:exported="true"
141-->[com.google.firebase:firebase-auth:22.0.0] AndroidManifest.xml:32:13-36
142            android:launchMode="singleTask"
142-->[com.google.firebase:firebase-auth:22.0.0] AndroidManifest.xml:33:13-44
143            android:theme="@android:style/Theme.Translucent.NoTitleBar" >
143-->[com.google.firebase:firebase-auth:22.0.0] AndroidManifest.xml:34:13-72
144            <intent-filter>
144-->[com.google.firebase:firebase-auth:22.0.0] AndroidManifest.xml:35:13-45:29
145                <action android:name="android.intent.action.VIEW" />
145-->[com.google.firebase:firebase-auth:22.0.0] AndroidManifest.xml:36:17-69
145-->[com.google.firebase:firebase-auth:22.0.0] AndroidManifest.xml:36:25-66
146
147                <category android:name="android.intent.category.DEFAULT" />
147-->[com.google.firebase:firebase-auth:22.0.0] AndroidManifest.xml:38:17-76
147-->[com.google.firebase:firebase-auth:22.0.0] AndroidManifest.xml:38:27-73
148                <category android:name="android.intent.category.BROWSABLE" />
148-->[com.google.firebase:firebase-auth:22.0.0] AndroidManifest.xml:39:17-78
148-->[com.google.firebase:firebase-auth:22.0.0] AndroidManifest.xml:39:27-75
149
150                <data
150-->[com.google.firebase:firebase-auth:22.0.0] AndroidManifest.xml:41:17-44:51
151                    android:host="firebase.auth"
151-->[com.google.firebase:firebase-auth:22.0.0] AndroidManifest.xml:42:21-49
152                    android:path="/"
152-->[com.google.firebase:firebase-auth:22.0.0] AndroidManifest.xml:43:21-37
153                    android:scheme="genericidp" />
153-->[com.google.firebase:firebase-auth:22.0.0] AndroidManifest.xml:44:21-48
154            </intent-filter>
155        </activity>
156        <activity
156-->[com.google.firebase:firebase-auth:22.0.0] AndroidManifest.xml:47:9-64:20
157            android:name="com.google.firebase.auth.internal.RecaptchaActivity"
157-->[com.google.firebase:firebase-auth:22.0.0] AndroidManifest.xml:48:13-79
158            android:excludeFromRecents="true"
158-->[com.google.firebase:firebase-auth:22.0.0] AndroidManifest.xml:49:13-46
159            android:exported="true"
159-->[com.google.firebase:firebase-auth:22.0.0] AndroidManifest.xml:50:13-36
160            android:launchMode="singleTask"
160-->[com.google.firebase:firebase-auth:22.0.0] AndroidManifest.xml:51:13-44
161            android:theme="@android:style/Theme.Translucent.NoTitleBar" >
161-->[com.google.firebase:firebase-auth:22.0.0] AndroidManifest.xml:52:13-72
162            <intent-filter>
162-->[com.google.firebase:firebase-auth:22.0.0] AndroidManifest.xml:53:13-63:29
163                <action android:name="android.intent.action.VIEW" />
163-->[com.google.firebase:firebase-auth:22.0.0] AndroidManifest.xml:36:17-69
163-->[com.google.firebase:firebase-auth:22.0.0] AndroidManifest.xml:36:25-66
164
165                <category android:name="android.intent.category.DEFAULT" />
165-->[com.google.firebase:firebase-auth:22.0.0] AndroidManifest.xml:38:17-76
165-->[com.google.firebase:firebase-auth:22.0.0] AndroidManifest.xml:38:27-73
166                <category android:name="android.intent.category.BROWSABLE" />
166-->[com.google.firebase:firebase-auth:22.0.0] AndroidManifest.xml:39:17-78
166-->[com.google.firebase:firebase-auth:22.0.0] AndroidManifest.xml:39:27-75
167
168                <data
168-->[com.google.firebase:firebase-auth:22.0.0] AndroidManifest.xml:41:17-44:51
169                    android:host="firebase.auth"
169-->[com.google.firebase:firebase-auth:22.0.0] AndroidManifest.xml:42:21-49
170                    android:path="/"
170-->[com.google.firebase:firebase-auth:22.0.0] AndroidManifest.xml:43:21-37
171                    android:scheme="recaptcha" />
171-->[com.google.firebase:firebase-auth:22.0.0] AndroidManifest.xml:44:21-48
172            </intent-filter>
173        </activity>
174
175        <service
175-->[com.google.firebase:firebase-auth:22.0.0] AndroidManifest.xml:66:9-72:19
176            android:name="com.google.firebase.components.ComponentDiscoveryService"
176-->[com.google.firebase:firebase-auth:22.0.0] AndroidManifest.xml:67:13-84
177            android:directBootAware="true"
177-->[com.google.firebase:firebase-common:20.3.2] AndroidManifest.xml:34:13-43
178            android:exported="false" >
178-->[com.google.firebase:firebase-auth:22.0.0] AndroidManifest.xml:68:13-37
179            <meta-data
179-->[com.google.firebase:firebase-auth:22.0.0] AndroidManifest.xml:69:13-71:85
180                android:name="com.google.firebase.components:com.google.firebase.auth.FirebaseAuthRegistrar"
180-->[com.google.firebase:firebase-auth:22.0.0] AndroidManifest.xml:70:17-109
181                android:value="com.google.firebase.components.ComponentRegistrar" />
181-->[com.google.firebase:firebase-auth:22.0.0] AndroidManifest.xml:71:17-82
182            <meta-data
182-->[com.google.firebase:firebase-storage:20.2.0] AndroidManifest.xml:32:13-34:85
183                android:name="com.google.firebase.components:com.google.firebase.storage.StorageRegistrar"
183-->[com.google.firebase:firebase-storage:20.2.0] AndroidManifest.xml:33:17-107
184                android:value="com.google.firebase.components.ComponentRegistrar" />
184-->[com.google.firebase:firebase-storage:20.2.0] AndroidManifest.xml:34:17-82
185            <meta-data
185-->[com.google.firebase:firebase-database:20.2.1] AndroidManifest.xml:31:13-33:85
186                android:name="com.google.firebase.components:com.google.firebase.database.DatabaseRegistrar"
186-->[com.google.firebase:firebase-database:20.2.1] AndroidManifest.xml:32:17-109
187                android:value="com.google.firebase.components.ComponentRegistrar" />
187-->[com.google.firebase:firebase-database:20.2.1] AndroidManifest.xml:33:17-82
188            <meta-data
188-->[com.google.firebase:firebase-firestore:24.6.0] AndroidManifest.xml:19:13-21:85
189                android:name="com.google.firebase.components:com.google.firebase.firestore.FirestoreRegistrar"
189-->[com.google.firebase:firebase-firestore:24.6.0] AndroidManifest.xml:20:17-111
190                android:value="com.google.firebase.components.ComponentRegistrar" />
190-->[com.google.firebase:firebase-firestore:24.6.0] AndroidManifest.xml:21:17-82
191        </service>
192
193        <activity
193-->[com.journeyapps:zxing-android-embedded:4.3.0] AndroidManifest.xml:47:9-53:63
194            android:name="com.journeyapps.barcodescanner.CaptureActivity"
194-->[com.journeyapps:zxing-android-embedded:4.3.0] AndroidManifest.xml:48:13-74
195            android:clearTaskOnLaunch="true"
195-->[com.journeyapps:zxing-android-embedded:4.3.0] AndroidManifest.xml:49:13-45
196            android:screenOrientation="sensorLandscape"
196-->[com.journeyapps:zxing-android-embedded:4.3.0] AndroidManifest.xml:50:13-56
197            android:stateNotNeeded="true"
197-->[com.journeyapps:zxing-android-embedded:4.3.0] AndroidManifest.xml:51:13-42
198            android:theme="@style/zxing_CaptureTheme"
198-->[com.journeyapps:zxing-android-embedded:4.3.0] AndroidManifest.xml:52:13-54
199            android:windowSoftInputMode="stateAlwaysHidden" />
199-->[com.journeyapps:zxing-android-embedded:4.3.0] AndroidManifest.xml:53:13-60
200
201        <provider
201-->[com.google.firebase:firebase-common:20.3.2] AndroidManifest.xml:25:9-30:39
202            android:name="com.google.firebase.provider.FirebaseInitProvider"
202-->[com.google.firebase:firebase-common:20.3.2] AndroidManifest.xml:26:13-77
203            android:authorities="com.example.provalogin.firebaseinitprovider"
203-->[com.google.firebase:firebase-common:20.3.2] AndroidManifest.xml:27:13-72
204            android:directBootAware="true"
204-->[com.google.firebase:firebase-common:20.3.2] AndroidManifest.xml:28:13-43
205            android:exported="false"
205-->[com.google.firebase:firebase-common:20.3.2] AndroidManifest.xml:29:13-37
206            android:initOrder="100" />
206-->[com.google.firebase:firebase-common:20.3.2] AndroidManifest.xml:30:13-36
207
208        <activity
208-->[com.google.android.gms:play-services-base:18.1.0] AndroidManifest.xml:20:9-22:45
209            android:name="com.google.android.gms.common.api.GoogleApiActivity"
209-->[com.google.android.gms:play-services-base:18.1.0] AndroidManifest.xml:20:19-85
210            android:exported="false"
210-->[com.google.android.gms:play-services-base:18.1.0] AndroidManifest.xml:22:19-43
211            android:theme="@android:style/Theme.Translucent.NoTitleBar" />
211-->[com.google.android.gms:play-services-base:18.1.0] AndroidManifest.xml:21:19-78
212
213        <meta-data
213-->[com.google.android.gms:play-services-basement:18.1.0] AndroidManifest.xml:21:9-23:69
214            android:name="com.google.android.gms.version"
214-->[com.google.android.gms:play-services-basement:18.1.0] AndroidManifest.xml:22:13-58
215            android:value="@integer/google_play_services_version" />
215-->[com.google.android.gms:play-services-basement:18.1.0] AndroidManifest.xml:23:13-66
216
217        <provider
217-->[androidx.emoji2:emoji2:1.2.0] AndroidManifest.xml:24:9-32:20
218            android:name="androidx.startup.InitializationProvider"
218-->[androidx.emoji2:emoji2:1.2.0] AndroidManifest.xml:25:13-67
219            android:authorities="com.example.provalogin.androidx-startup"
219-->[androidx.emoji2:emoji2:1.2.0] AndroidManifest.xml:26:13-68
220            android:exported="false" >
220-->[androidx.emoji2:emoji2:1.2.0] AndroidManifest.xml:27:13-37
221            <meta-data
221-->[androidx.emoji2:emoji2:1.2.0] AndroidManifest.xml:29:13-31:52
222                android:name="androidx.emoji2.text.EmojiCompatInitializer"
222-->[androidx.emoji2:emoji2:1.2.0] AndroidManifest.xml:30:17-75
223                android:value="androidx.startup" />
223-->[androidx.emoji2:emoji2:1.2.0] AndroidManifest.xml:31:17-49
224            <meta-data
224-->[androidx.lifecycle:lifecycle-process:2.4.1] AndroidManifest.xml:31:13-33:52
225                android:name="androidx.lifecycle.ProcessLifecycleInitializer"
225-->[androidx.lifecycle:lifecycle-process:2.4.1] AndroidManifest.xml:32:17-78
226                android:value="androidx.startup" />
226-->[androidx.lifecycle:lifecycle-process:2.4.1] AndroidManifest.xml:33:17-49
227        </provider>
228    </application>
229
230</manifest>